<?xml version="1.0" encoding="UTF-8"?>
<testsuite xmlns:xsi="http://www.w3.org/2001/XMLSchema-instance" xsi:noNamespaceSchemaLocation="https://maven.apache.org/surefire/maven-surefire-plugin/xsd/surefire-test-report.xsd" name="com.myfirstprojet.projet.TestS.categoriesServiceTest" time="0.29" tests="4" errors="0" skipped="0" failures="0">
  <properties>
[...]
</properties>
  <testcase name="deleteCategoriesTest" classname="com.myfirstprojet.projet.TestS.categoriesServiceTest" time="0.032"/>
  <testcase name="getCategoriesTest" classname="com.myfirstprojet.projet.TestS.categoriesServiceTest" time="0.155"/>
  <testcase name="saveCategoriesTest" classname="com.myfirstprojet.projet.TestS.categoriesServiceTest" time="0.024"/>
  <testcase name="getCategoriesByIdTest" classname="com.myfirstprojet.projet.TestS.categoriesServiceTest" time="0.02"/>
</testsuite>